<?xml version="1.0" encoding="UTF-8"?>
<!-- Generated by org.testng.reporters.JUnitXMLReporter -->
<testsuite ignored="0" hostname="DESKTOP-9JPEVFC" failures="0" tests="7" name="DemoQA Tests" time="3.601" errors="0" timestamp="2026-04-09T18:19:35 EEST">
  <testcase classname="com.automation.ui.tests.DemoQATests" name="testButtons" time="0.596"/>
  <testcase classname="com.automation.ui.tests.DemoQATests" name="testModalDialog" time="0.241"/>
  <testcase classname="com.automation.ui.tests.DemoQATests" name="testRadioButton" time="0.253"/>
  <testcase classname="com.automation.ui.tests.DemoQATests" name="testTextBoxForm" time="0.358"/>
  <testcase classname="com.automation.ui.tests.DemoQATests" name="testTextBoxForm" time="0.346"/>
  <testcase classname="com.automation.ui.tests.DemoQATests" name="testWebTables" time="0.593"/>
  <testcase classname="com.automation.ui.tests.DemoQATests" name="testWebTablesSearch" time="0.191"/>
</testsuite> <!-- DemoQA Tests -->
