<?xml version="1.0" encoding="UTF-8"?>
<testng-results ignored="0" total="7" passed="7" failed="0" skipped="0">
  <reporter-output>
  </reporter-output>
  <suite started-at="2026-04-09T18:19:32 EEST" name="DemoQA UI Suite (POM)" finished-at="2026-04-09T18:19:35 EEST" duration-ms="3601">
    <groups>
    </groups>
    <test started-at="2026-04-09T18:19:32 EEST" name="DemoQA Tests" finished-at="2026-04-09T18:19:35 EEST" duration-ms="3601">
      <class name="com.automation.ui.tests.DemoQATests">
        <test-method is-config="true" signature="setUp()[pri:0, instance:com.automation.ui.tests.DemoQATests@45099dd3]" started-at="2026-04-09T18:19:32 EEST" name="setUp" finished-at="2026-04-09T18:19:33 EEST" duration-ms="901" status="PASS">
          <reporter-output>
          </reporter-output>
        </test-method> <!-- setUp -->
        <test-method signature="testButtons()[pri:0, instance:com.automation.ui.tests.DemoQATests@45099dd3]" started-at="2026-04-09T18:19:33 EEST" name="testButtons" finished-at="2026-04-09T18:19:33 EEST" duration-ms="596" status="PASS">
          <reporter-output>
          </reporter-output>
        </test-method> <!-- testButtons -->
        <test-method signature="testModalDialog()[pri:0, instance:com.automation.ui.tests.DemoQATests@45099dd3]" started-at="2026-04-09T18:19:33 EEST" name="testModalDialog" finished-at="2026-04-09T18:19:34 EEST" duration-ms="241" status="PASS">
          <reporter-output>
          </reporter-output>
        </test-method> <!-- testModalDialog -->
        <test-method signature="testRadioButton()[pri:0, instance:com.automation.ui.tests.DemoQATests@45099dd3]" started-at="2026-04-09T18:19:34 EEST" name="testRadioButton" finished-at="2026-04-09T18:19:34 EEST" duration-ms="253" status="PASS">
          <reporter-output>
          </reporter-output>
        </test-method> <!-- testRadioButton -->
        <test-method signature="testTextBoxForm(java.lang.String,java.lang.String,java.lang.String,java.lang.String)[pri:0, instance:com.automation.ui.tests.DemoQATests@45099dd3]" started-at="2026-04-09T18:19:34 EEST" name="testTextBoxForm" data-provider="formData" finished-at="2026-04-09T18:19:34 EEST" duration-ms="358" status="PASS">
          <params>
            <param index="0">
              <value>
                <![CDATA[John Doe]]>
              </value>
            </param>
            <param index="1">
              <value>
                <![CDATA[john@example.com]]>
              </value>
            </param>
            <param index="2">
              <value>
                <![CDATA[Kyiv]]>
              </value>
            </param>
            <param index="3">
              <value>
                <![CDATA[Odessa]]>
              </value>
            </param>
          </params>
          <reporter-output>
          </reporter-output>
        </test-method> <!-- testTextBoxForm -->
        <test-method signature="testTextBoxForm(java.lang.String,java.lang.String,java.lang.String,java.lang.String)[pri:0, instance:com.automation.ui.tests.DemoQATests@45099dd3]" started-at="2026-04-09T18:19:34 EEST" name="testTextBoxForm" data-provider="formData" finished-at="2026-04-09T18:19:35 EEST" duration-ms="346" status="PASS">
          <params>
            <param index="0">
              <value>
                <![CDATA[Alice Smith]]>
              </value>
            </param>
            <param index="1">
              <value>
                <![CDATA[alice@example.com]]>
              </value>
            </param>
            <param index="2">
              <value>
                <![CDATA[Lviv]]>
              </value>
            </param>
            <param index="3">
              <value>
                <![CDATA[Kharkiv]]>
              </value>
            </param>
          </params>
          <reporter-output>
          </reporter-output>
        </test-method> <!-- testTextBoxForm -->
        <test-method signature="testWebTables()[pri:0, instance:com.automation.ui.tests.DemoQATests@45099dd3]" started-at="2026-04-09T18:19:35 EEST" name="testWebTables" finished-at="2026-04-09T18:19:35 EEST" duration-ms="593" status="PASS">
          <reporter-output>
          </reporter-output>
        </test-method> <!-- testWebTables -->
        <test-method signature="testWebTablesSearch()[pri:0, instance:com.automation.ui.tests.DemoQATests@45099dd3]" started-at="2026-04-09T18:19:35 EEST" name="testWebTablesSearch" finished-at="2026-04-09T18:19:35 EEST" duration-ms="191" status="PASS">
          <reporter-output>
          </reporter-output>
        </test-method> <!-- testWebTablesSearch -->
        <test-method is-config="true" signature="tearDown()[pri:0, instance:com.automation.ui.tests.DemoQATests@45099dd3]" started-at="2026-04-09T18:19:35 EEST" name="tearDown" finished-at="2026-04-09T18:19:35 EEST" duration-ms="62" status="PASS">
          <reporter-output>
          </reporter-output>
        </test-method> <!-- tearDown -->
      </class> <!-- com.automation.ui.tests.DemoQATests -->
    </test> <!-- DemoQA Tests -->
  </suite> <!-- DemoQA UI Suite (POM) -->
</testng-results>
